{
  "RSpec": {
    "coverage": {
      "/Users/wyattwicks/turing/3module/sweater_weather/sweater_weather/app/facades/forecast_facade.rb": {
        "lines": [
          1,
          1,
          1,
          1,
          1,
          1,
          1,
          1,
          null,
          1,
          5,
          null,
          null,
          1,
          8,
          null,
          null,
          1,
          null,
          null,
          null,
          null
        ]
      },
      "/Users/wyattwicks/turing/3module/sweater_weather/sweater_weather/app/facades/locations_facade.rb": {
        "lines": [
          1,
          1,
          null,
          1,
          2,
          2,
          2,
          null,
          null,
          null
        ]
      },
      "/Users/wyattwicks/turing/3module/sweater_weather/sweater_weather/app/services/location_service.rb": {
        "lines": [
          1,
          1,
          null,
          1,
          3,
          3,
          null,
          3,
          null,
          null,
          null,
          1,
          null,
          1,
          3,
          null,
          null,
          null,
          null,
          1,
          3,
          null,
          null,
          null
        ]
      },
      "/Users/wyattwicks/turing/3module/sweater_weather/sweater_weather/app/poros/location.rb": {
        "lines": [
          1,
          1,
          null,
          null,
          1,
          3,
          3,
          null,
          null
        ]
      },
      "/Users/wyattwicks/turing/3module/sweater_weather/sweater_weather/app/services/weather_service.rb": {
        "lines": [
          1,
          1,
          null,
          1,
          2,
          2,
          2,
          2,
          2,
          null,
          2,
          null,
          null,
          null,
          1,
          null,
          1,
          2,
          null,
          null,
          null,
          null,
          1,
          2,
          null,
          null,
          null
        ]
      },
      "/Users/wyattwicks/turing/3module/sweater_weather/sweater_weather/app/poros/current_weather.rb": {
        "lines": [
          1,
          1,
          null,
          null,
          null,
          null,
          null,
          null,
          null,
          null,
          null,
          null,
          1,
          3,
          3,
          3,
          3,
          3,
          3,
          3,
          3,
          3,
          3,
          null,
          null,
          1,
          null,
          9,
          null,
          null
        ]
      },
      "/Users/wyattwicks/turing/3module/sweater_weather/sweater_weather/app/poros/daily_weather.rb": {
        "lines": [
          1,
          1,
          null,
          null,
          null,
          null,
          null,
          null,
          1,
          11,
          11,
          11,
          11,
          11,
          11,
          11,
          null,
          null,
          1,
          null,
          22,
          null,
          null,
          1,
          null,
          11,
          null,
          null
        ]
      },
      "/Users/wyattwicks/turing/3module/sweater_weather/sweater_weather/app/poros/hourly_weather.rb": {
        "lines": [
          1,
          1,
          null,
          null,
          null,
          1,
          17,
          17,
          17,
          17,
          null,
          null,
          1,
          null,
          17,
          null,
          null
        ]
      },
      "/Users/wyattwicks/turing/3module/sweater_weather/sweater_weather/app/poros/forecast.rb": {
        "lines": [
          1,
          1,
          null,
          null,
          null,
          null,
          null,
          1,
          2,
          2,
          2,
          2,
          2,
          null,
          null
        ]
      },
      "/Users/wyattwicks/turing/3module/sweater_weather/sweater_weather/app/facades/picture_facade.rb": {
        "lines": [
          1,
          1,
          1,
          1,
          1,
          1,
          null,
          null,
          null
        ]
      },
      "/Users/wyattwicks/turing/3module/sweater_weather/sweater_weather/app/services/picture_service.rb": {
        "lines": [
          1,
          1,
          null,
          1,
          2,
          2,
          null,
          2,
          null,
          null,
          null,
          1,
          null,
          1,
          2,
          null,
          null,
          null,
          null,
          null,
          1,
          2,
          null,
          null,
          null
        ]
      },
      "/Users/wyattwicks/turing/3module/sweater_weather/sweater_weather/app/poros/picture.rb": {
        "lines": [
          1,
          1,
          null,
          null,
          null,
          null,
          null,
          null,
          null,
          null,
          1,
          2,
          2,
          2,
          2,
          2,
          2,
          2,
          2,
          null,
          null
        ]
      }
    },
    "timestamp": 1623710757
  }
}
